Using pre-set license
Built from '2021.3/staging' branch; Version is '2021.3.15f1 (e8e88683f834) revision 15263878'; Using compiler version '192829333'; Build Type 'Release'
OS: 'Windows 10  (10.0.19045) 64bit Core' Language: 'en' Physical Memory: 16160 MB
BatchMode: 1, IsHumanControllingUs: 0, StartBugReporterOnCrash: 0, Is64bit: 1, IsPro: 1

COMMAND LINE ARGUMENTS:
C:\Program Files\Unity\Hub\Editor\2021.3.15f1\Editor\Unity.exe
-adb2
-batchMode
-noUpm
-name
AssetImportWorker0
-projectPath
D:/Unity Projects Works/MathGame
-logFile
Logs/AssetImportWorker0.log
-srvPort
12928
Successfully changed project path to: D:/Unity Projects Works/MathGame
D:/Unity Projects Works/MathGame
[UnityMemory] Configuration Parameters - Can be set up in boot.config
    "memorysetup-bucket-allocator-granularity=16"
    "memorysetup-bucket-allocator-bucket-count=8"
    "memorysetup-bucket-allocator-block-size=33554432"
    "memorysetup-bucket-allocator-block-count=8"
    "memorysetup-main-allocator-block-size=16777216"
    "memorysetup-thread-allocator-block-size=16777216"
    "memorysetup-gfx-main-allocator-block-size=16777216"
    "memorysetup-gfx-thread-allocator-block-size=16777216"
    "memorysetup-cache-allocator-block-size=4194304"
    "memorysetup-typetree-allocator-block-size=2097152"
    "memorysetup-profiler-bucket-allocator-granularity=16"
    "memorysetup-profiler-bucket-allocator-bucket-count=8"
    "memorysetup-profiler-bucket-allocator-block-size=33554432"
    "memorysetup-profiler-bucket-allocator-block-count=8"
    "memorysetup-profiler-allocator-block-size=16777216"
    "memorysetup-profiler-editor-allocator-block-size=1048576"
    "memorysetup-temp-allocator-size-main=16777216"
    "memorysetup-job-temp-allocator-block-size=2097152"
    "memorysetup-job-temp-allocator-block-size-background=1048576"
    "memorysetup-job-temp-allocator-reduction-small-platforms=262144"
    "memorysetup-temp-allocator-size-background-worker=32768"
    "memorysetup-temp-allocator-size-job-worker=262144"
    "memorysetup-temp-allocator-size-preload-manager=33554432"
    "memorysetup-temp-allocator-size-nav-mesh-worker=65536"
    "memorysetup-temp-allocator-size-audio-worker=65536"
    "memorysetup-temp-allocator-size-cloud-worker=32768"
    "memorysetup-temp-allocator-size-gi-baking-worker=262144"
    "memorysetup-temp-allocator-size-gfx=262144"
Player connection [11788] Host "[IP] 192.168.0.13 [Port] 0 [Flags] 2 [Guid] 2665169833 [EditorId] 2665169833 [Version] 1048832 [Id] WindowsEditor(7,DESKTOP-QJ5FN68) [Debug] 1 [PackageName] WindowsEditor [ProjectName] Editor" joined multi-casting on [225.0.0.222:54997]...

Player connection [11788] Host "[IP] 192.168.0.13 [Port] 0 [Flags] 2 [Guid] 2665169833 [EditorId] 2665169833 [Version] 1048832 [Id] WindowsEditor(7,DESKTOP-QJ5FN68) [Debug] 1 [PackageName] WindowsEditor [ProjectName] Editor" joined alternative multi-casting on [225.0.0.222:34997]...

Refreshing native plugins compatible for Editor in 105.92 ms, found 7 plugins.
Preloading 0 native plugins for Editor in 0.00 ms.
Initialize engine version: 2021.3.15f1 (e8e88683f834)
[Subsystems] Discovering subsystems at path C:/Program Files/Unity/Hub/Editor/2021.3.15f1/Editor/Data/Resources/UnitySubsystems
[Subsystems] Discovering subsystems at path D:/Unity Projects Works/MathGame/Assets
GfxDevice: creating device client; threaded=0; jobified=0
Direct3D:
    Version:  Direct3D 11.0 [level 11.1]
    Renderer: NVIDIA GeForce GTX 1650 (ID=0x1f99)
    Vendor:   NVIDIA
    VRAM:     3962 MB
    Driver:   30.0.15.1278
Initialize mono
Mono path[0] = 'C:/Program Files/Unity/Hub/Editor/2021.3.15f1/Editor/Data/Managed'
Mono path[1] = 'C:/Program Files/Unity/Hub/Editor/2021.3.15f1/Editor/Data/MonoBleedingEdge/lib/mono/unityjit-win32'
Mono config path = 'C:/Program Files/Unity/Hub/Editor/2021.3.15f1/Editor/Data/MonoBleedingEdge/etc'
Using monoOptions --debugger-agent=transport=dt_socket,embedding=1,server=y,suspend=n,address=127.0.0.1:56024
Begin MonoManager ReloadAssembly
Registering precompiled unity dll's ...
Register platform support module: C:/Program Files/Unity/Hub/Editor/2021.3.15f1/Editor/Data/PlaybackEngines/AndroidPlayer/UnityEditor.Android.Extensions.dll
Register platform support module: C:/Program Files/Unity/Hub/Editor/2021.3.15f1/Editor/Data/PlaybackEngines/iOSSupport/UnityEditor.iOS.Extensions.dll
Register platform support module: C:/Program Files/Unity/Hub/Editor/2021.3.15f1/Editor/Data/PlaybackEngines/WindowsStandaloneSupport/UnityEditor.WindowsStandalone.Extensions.dll
Registered in 0.008401 seconds.
Native extension for WindowsStandalone target not found
[usbmuxd] Start listen thread
[usbmuxd] Listen thread started
Native extension for iOS target not found
Native extension for Android target not found
Refreshing native plugins compatible for Editor in 82.51 ms, found 7 plugins.
Preloading 0 native plugins for Editor in 0.00 ms.
Mono: successfully reloaded assembly
- Completed reload, in  0.700 seconds
Domain Reload Profiling:
	ReloadAssembly (700ms)
		BeginReloadAssembly (76ms)
			ExecutionOrderSort (0ms)
			DisableScriptedObjects (0ms)
			BackupInstance (0ms)
			ReleaseScriptingObjects (0ms)
			CreateAndSetChildDomain (1ms)
		EndReloadAssembly (509ms)
			LoadAssemblies (74ms)
			RebuildTransferFunctionScriptingTraits (0ms)
			SetupTypeCache (121ms)
			ReleaseScriptCaches (0ms)
			RebuildScriptCaches (33ms)
			SetupLoadedEditorAssemblies (299ms)
				LogAssemblyErrors (0ms)
				InitializePlatformSupportModulesInManaged (64ms)
				SetLoadedEditorAssemblies (0ms)
				RefreshPlugins (83ms)
				BeforeProcessingInitializeOnLoad (1ms)
				ProcessInitializeOnLoadAttributes (100ms)
				ProcessInitializeOnLoadMethodAttributes (50ms)
				AfterProcessingInitializeOnLoad (0ms)
				EditorAssembliesLoaded (0ms)
			ExecutionOrderSort2 (0ms)
			AwakeInstancesAfterBackupRestoration (0ms)
Platform modules already initialized, skipping
Registering precompiled user dll's ...
Registered in 0.012116 seconds.
Begin MonoManager ReloadAssembly
Symbol file LoadedFromMemory doesn't match image D:\Unity Projects Works\MathGame\Library\PackageCache\com.unity.visualscripting@1.7.8\Editor\VisualScripting.Core\Dependencies\DotNetZip\Unity.VisualScripting.IonicZip.dll
Symbol file LoadedFromMemory doesn't match image D:\Unity Projects Works\MathGame\Library\PackageCache\com.unity.visualscripting@1.7.8\Editor\VisualScripting.Core\Dependencies\YamlDotNet\Unity.VisualScripting.YamlDotNet.dll
Native extension for WindowsStandalone target not found
Native extension for iOS target not found
Native extension for Android target not found
Refreshing native plugins compatible for Editor in 1.32 ms, found 7 plugins.
Preloading 0 native plugins for Editor in 0.00 ms.
Mono: successfully reloaded assembly
- Completed reload, in  1.278 seconds
Domain Reload Profiling:
	ReloadAssembly (1279ms)
		BeginReloadAssembly (222ms)
			ExecutionOrderSort (0ms)
			DisableScriptedObjects (6ms)
			BackupInstance (0ms)
			ReleaseScriptingObjects (0ms)
			CreateAndSetChildDomain (132ms)
		EndReloadAssembly (928ms)
			LoadAssemblies (86ms)
			RebuildTransferFunctionScriptingTraits (0ms)
			SetupTypeCache (271ms)
			ReleaseScriptCaches (1ms)
			RebuildScriptCaches (61ms)
			SetupLoadedEditorAssemblies (464ms)
				LogAssemblyErrors (0ms)
				InitializePlatformSupportModulesInManaged (27ms)
				SetLoadedEditorAssemblies (0ms)
				RefreshPlugins (1ms)
				BeforeProcessingInitializeOnLoad (90ms)
				ProcessInitializeOnLoadAttributes (284ms)
				ProcessInitializeOnLoadMethodAttributes (53ms)
				AfterProcessingInitializeOnLoad (7ms)
				EditorAssembliesLoaded (0ms)
			ExecutionOrderSort2 (0ms)
			AwakeInstancesAfterBackupRestoration (6ms)
Platform modules already initialized, skipping
========================================================================
Worker process is ready to serve import requests
Launched and connected shader compiler UnityShaderCompiler.exe after 0.04 seconds
Refreshing native plugins compatible for Editor in 1.01 ms, found 7 plugins.
Preloading 0 native plugins for Editor in 0.00 ms.
Unloading 3663 Unused Serialized files (Serialized files now loaded: 0)
Unloading 149 unused Assets / (59.8 KB). Loaded Objects now: 4017.
Memory consumption went from 127.7 MB to 127.6 MB.
Total: 4.723800 ms (FindLiveObjects: 0.285900 ms CreateObjectMapping: 0.264300 ms MarkObjects: 4.065500 ms  DeleteObjects: 0.107200 ms)

AssetImportParameters requested are different than current active one (requested -> active):
  custom:video-decoder-ogg-theora: a1e56fd34408186e4bbccfd4996cb3dc -> 
  custom:container-muxer-webm: aa71ff27fc2769a1b78a27578f13a17b -> 
  custom:container-demuxer-webm: 4f35f7cbe854078d1ac9338744f61a02 -> 
  custom:video-encoder-webm-vp8: eb34c28f22e8b96e1ab97ce403110664 -> 
  custom:audio-encoder-webm-vorbis: bf7c407c2cedff20999df2af8eb42d56 -> 
  custom:framework-win-MediaFoundation: 216162199b28c13a410421893ffa2e32 -> 
  custom:container-demuxer-ogg: 62fdf1f143b41e24485cea50d1cbac27 -> 
  custom:video-decoder-webm-vp8: 9c59270c3fd7afecdb556c50c9e8de78 -> 
  custom:audio-decoder-ogg-vorbis: bf7c407c2cedff20999df2af8eb42d56 -> 
========================================================================
Received Import Request.
  Time since last request: 146452.380916 seconds.
  path: Assets/Images/ArrowRight@4x.png
  artifactKey: Guid(40abadb427f401a4f8a0f18e72bd6faf) Importer(815301076,1909f56bfc062723c751e8b465ee728b)
Start importing Assets/Images/ArrowRight@4x.png using Guid(40abadb427f401a4f8a0f18e72bd6faf) Importer(815301076,1909f56bfc062723c751e8b465ee728b)  -> (artifact id: '14effd9aeeb3af5d0a778334a77790ad') in 0.161818 seconds 
========================================================================
Received Import Request.
  Time since last request: 0.000019 seconds.
  path: Assets/Images/square.png
  artifactKey: Guid(c6502a35270cc4f87b193d012294d7ca) Importer(815301076,1909f56bfc062723c751e8b465ee728b)
Start importing Assets/Images/square.png using Guid(c6502a35270cc4f87b193d012294d7ca) Importer(815301076,1909f56bfc062723c751e8b465ee728b)  -> (artifact id: 'e0de4cb39555d6e5157a2868eb295a67') in 0.013069 seconds 
========================================================================
Received Import Request.
  Time since last request: 0.000016 seconds.
  path: Assets/Images/Kinte/Asset 42x.png
  artifactKey: Guid(87c9f75c5e46cb142961d587ac4db72f) Importer(815301076,1909f56bfc062723c751e8b465ee728b)
Start importing Assets/Images/Kinte/Asset 42x.png using Guid(87c9f75c5e46cb142961d587ac4db72f) Importer(815301076,1909f56bfc062723c751e8b465ee728b)  -> (artifact id: '63ada5e5fa0255e0cbee20ae663d440a') in 0.083385 seconds 
========================================================================
Received Import Request.
  Time since last request: 0.000023 seconds.
  path: Assets/Images/ArrowUp@4x.png
  artifactKey: Guid(336523c374a5e6c4eb40aa6dc68e9906) Importer(815301076,1909f56bfc062723c751e8b465ee728b)
Start importing Assets/Images/ArrowUp@4x.png using Guid(336523c374a5e6c4eb40aa6dc68e9906) Importer(815301076,1909f56bfc062723c751e8b465ee728b)  -> (artifact id: '3f230c186e82558d935b356168538f8f') in 0.015245 seconds 
========================================================================
Received Import Request.
  Time since last request: 0.000037 seconds.
  path: Assets/Images/Kinte/Group 16 copy.png
  artifactKey: Guid(3ea3e0e7f403cc34885274177cc5fb1a) Importer(815301076,1909f56bfc062723c751e8b465ee728b)
Start importing Assets/Images/Kinte/Group 16 copy.png using Guid(3ea3e0e7f403cc34885274177cc5fb1a) Importer(815301076,1909f56bfc062723c751e8b465ee728b)  -> (artifact id: '6d909cb1ab02e7713edad7b1a3f1ac65') in 0.021044 seconds 
========================================================================
Received Import Request.
  Time since last request: 0.000020 seconds.
  path: Assets/Images/Gear@4x.png
  artifactKey: Guid(e8c73b9efb84a8f4ba3f63e0a1106255) Importer(815301076,1909f56bfc062723c751e8b465ee728b)
Start importing Assets/Images/Gear@4x.png using Guid(e8c73b9efb84a8f4ba3f63e0a1106255) Importer(815301076,1909f56bfc062723c751e8b465ee728b)  -> (artifact id: '720796fa5e84eec57736a45a06df0fc9') in 0.066857 seconds 
========================================================================
Received Import Request.
  Time since last request: 0.000022 seconds.
  path: Assets/Images/heartIcon.png
  artifactKey: Guid(2897da264a4a8415aa944ab0f41b4c92) Importer(815301076,1909f56bfc062723c751e8b465ee728b)
Start importing Assets/Images/heartIcon.png using Guid(2897da264a4a8415aa944ab0f41b4c92) Importer(815301076,1909f56bfc062723c751e8b465ee728b)  -> (artifact id: '72c10666babb445068fbd3c3a2799e59') in 0.032014 seconds 
========================================================================
Received Import Request.
  Time since last request: 0.000031 seconds.
  path: Assets/Images/Kinte/Group 14 copy.png
  artifactKey: Guid(057c160b77169094f846af898bbf53c3) Importer(815301076,1909f56bfc062723c751e8b465ee728b)
Start importing Assets/Images/Kinte/Group 14 copy.png using Guid(057c160b77169094f846af898bbf53c3) Importer(815301076,1909f56bfc062723c751e8b465ee728b)  -> (artifact id: '2cfb6ba88e38a27d50621b0ecddfd9cd') in 0.037554 seconds 
========================================================================
Received Import Request.
  Time since last request: 0.000038 seconds.
  path: Assets/Images/Kinte/Group 12 copy 2.png
  artifactKey: Guid(f389fe8d10ac99946916f2bb55790b1d) Importer(815301076,1909f56bfc062723c751e8b465ee728b)
Start importing Assets/Images/Kinte/Group 12 copy 2.png using Guid(f389fe8d10ac99946916f2bb55790b1d) Importer(815301076,1909f56bfc062723c751e8b465ee728b)  -> (artifact id: 'fdf3262592bcfa17ade3727bdf1d2874') in 0.044045 seconds 
========================================================================
Received Import Request.
  Time since last request: 0.000121 seconds.
  path: Assets/Images/Kinte/Asset 72x (1).png
  artifactKey: Guid(91f6b07dc73a88f48a4b0654465c5903) Importer(815301076,1909f56bfc062723c751e8b465ee728b)
Start importing Assets/Images/Kinte/Asset 72x (1).png using Guid(91f6b07dc73a88f48a4b0654465c5903) Importer(815301076,1909f56bfc062723c751e8b465ee728b)  -> (artifact id: 'f2534352224379f4f45ff13c1879f328') in 0.030726 seconds 
========================================================================
Received Import Request.
  Time since last request: 0.000022 seconds.
  path: Assets/Images/Circle@2x.png
  artifactKey: Guid(7432ae83addfec942bc296a705c5bce0) Importer(815301076,1909f56bfc062723c751e8b465ee728b)
Start importing Assets/Images/Circle@2x.png using Guid(7432ae83addfec942bc296a705c5bce0) Importer(815301076,1909f56bfc062723c751e8b465ee728b)  -> (artifact id: '369289c80d187f542b0ee17277aa7900') in 0.061367 seconds 
========================================================================
Received Import Request.
  Time since last request: 0.000021 seconds.
  path: Assets/Images/PanelFlat.png
  artifactKey: Guid(566357c56996d8243a94b15eb09c9d4f) Importer(815301076,1909f56bfc062723c751e8b465ee728b)
Start importing Assets/Images/PanelFlat.png using Guid(566357c56996d8243a94b15eb09c9d4f) Importer(815301076,1909f56bfc062723c751e8b465ee728b)  -> (artifact id: '2affdc04b2c1e73fc2d73e793849efb2') in 0.096927 seconds 
========================================================================
Received Import Request.
  Time since last request: 0.000022 seconds.
  path: Assets/Images/PanelFlat@4x.png
  artifactKey: Guid(7cb33d03ee42abb408f80c256002a32e) Importer(815301076,1909f56bfc062723c751e8b465ee728b)
Start importing Assets/Images/PanelFlat@4x.png using Guid(7cb33d03ee42abb408f80c256002a32e) Importer(815301076,1909f56bfc062723c751e8b465ee728b)  -> (artifact id: '0d81132f07ce4019208c36d4d1481ce2') in 0.083713 seconds 
========================================================================
Received Import Request.
  Time since last request: 0.000044 seconds.
  path: Assets/Images/camIcon.png
  artifactKey: Guid(e6303ac2a8cbf4524b7753e5fafa4dfc) Importer(815301076,1909f56bfc062723c751e8b465ee728b)
Start importing Assets/Images/camIcon.png using Guid(e6303ac2a8cbf4524b7753e5fafa4dfc) Importer(815301076,1909f56bfc062723c751e8b465ee728b)  -> (artifact id: '59b0de785f2cff47ca4fb2b9110b807f') in 0.031838 seconds 
