Using pre-set license
Built from '2021.3/staging' branch; Version is '2021.3.15f1 (e8e88683f834) revision 15263878'; Using compiler version '192829333'; Build Type 'Release'
OS: 'Windows 10  (10.0.19045) 64bit Core' Language: 'en' Physical Memory: 16160 MB
BatchMode: 1, IsHumanControllingUs: 0, StartBugReporterOnCrash: 0, Is64bit: 1, IsPro: 1

COMMAND LINE ARGUMENTS:
C:\Program Files\Unity\Hub\Editor\2021.3.15f1\Editor\Unity.exe
-adb2
-batchMode
-noUpm
-name
AssetImportWorker1
-projectPath
D:/Unity Projects Works/MathGame
-logFile
Logs/AssetImportWorker1.log
-srvPort
12928
Successfully changed project path to: D:/Unity Projects Works/MathGame
D:/Unity Projects Works/MathGame
[UnityMemory] Configuration Parameters - Can be set up in boot.config
    "memorysetup-bucket-allocator-granularity=16"
    "memorysetup-bucket-allocator-bucket-count=8"
    "memorysetup-bucket-allocator-block-size=33554432"
    "memorysetup-bucket-allocator-block-count=8"
    "memorysetup-main-allocator-block-size=16777216"
    "memorysetup-thread-allocator-block-size=16777216"
    "memorysetup-gfx-main-allocator-block-size=16777216"
    "memorysetup-gfx-thread-allocator-block-size=16777216"
    "memorysetup-cache-allocator-block-size=4194304"
    "memorysetup-typetree-allocator-block-size=2097152"
    "memorysetup-profiler-bucket-allocator-granularity=16"
    "memorysetup-profiler-bucket-allocator-bucket-count=8"
    "memorysetup-profiler-bucket-allocator-block-size=33554432"
    "memorysetup-profiler-bucket-allocator-block-count=8"
    "memorysetup-profiler-allocator-block-size=16777216"
    "memorysetup-profiler-editor-allocator-block-size=1048576"
    "memorysetup-temp-allocator-size-main=16777216"
    "memorysetup-job-temp-allocator-block-size=2097152"
    "memorysetup-job-temp-allocator-block-size-background=1048576"
    "memorysetup-job-temp-allocator-reduction-small-platforms=262144"
    "memorysetup-temp-allocator-size-background-worker=32768"
    "memorysetup-temp-allocator-size-job-worker=262144"
    "memorysetup-temp-allocator-size-preload-manager=33554432"
    "memorysetup-temp-allocator-size-nav-mesh-worker=65536"
    "memorysetup-temp-allocator-size-audio-worker=65536"
    "memorysetup-temp-allocator-size-cloud-worker=32768"
    "memorysetup-temp-allocator-size-gi-baking-worker=262144"
    "memorysetup-temp-allocator-size-gfx=262144"
Player connection [2164] Host "[IP] 192.168.0.13 [Port] 0 [Flags] 2 [Guid] 2759519362 [EditorId] 2759519362 [Version] 1048832 [Id] WindowsEditor(7,DESKTOP-QJ5FN68) [Debug] 1 [PackageName] WindowsEditor [ProjectName] Editor" joined multi-casting on [225.0.0.222:54997]...

Player connection [2164] Host "[IP] 192.168.0.13 [Port] 0 [Flags] 2 [Guid] 2759519362 [EditorId] 2759519362 [Version] 1048832 [Id] WindowsEditor(7,DESKTOP-QJ5FN68) [Debug] 1 [PackageName] WindowsEditor [ProjectName] Editor" joined alternative multi-casting on [225.0.0.222:34997]...

Refreshing native plugins compatible for Editor in 107.35 ms, found 7 plugins.
Preloading 0 native plugins for Editor in 0.00 ms.
Initialize engine version: 2021.3.15f1 (e8e88683f834)
[Subsystems] Discovering subsystems at path C:/Program Files/Unity/Hub/Editor/2021.3.15f1/Editor/Data/Resources/UnitySubsystems
[Subsystems] Discovering subsystems at path D:/Unity Projects Works/MathGame/Assets
GfxDevice: creating device client; threaded=0; jobified=0
Direct3D:
    Version:  Direct3D 11.0 [level 11.1]
    Renderer: NVIDIA GeForce GTX 1650 (ID=0x1f99)
    Vendor:   NVIDIA
    VRAM:     3962 MB
    Driver:   30.0.15.1278
Initialize mono
Mono path[0] = 'C:/Program Files/Unity/Hub/Editor/2021.3.15f1/Editor/Data/Managed'
Mono path[1] = 'C:/Program Files/Unity/Hub/Editor/2021.3.15f1/Editor/Data/MonoBleedingEdge/lib/mono/unityjit-win32'
Mono config path = 'C:/Program Files/Unity/Hub/Editor/2021.3.15f1/Editor/Data/MonoBleedingEdge/etc'
Using monoOptions --debugger-agent=transport=dt_socket,embedding=1,server=y,suspend=n,address=127.0.0.1:56064
Begin MonoManager ReloadAssembly
Registering precompiled unity dll's ...
Register platform support module: C:/Program Files/Unity/Hub/Editor/2021.3.15f1/Editor/Data/PlaybackEngines/AndroidPlayer/UnityEditor.Android.Extensions.dll
Register platform support module: C:/Program Files/Unity/Hub/Editor/2021.3.15f1/Editor/Data/PlaybackEngines/iOSSupport/UnityEditor.iOS.Extensions.dll
Register platform support module: C:/Program Files/Unity/Hub/Editor/2021.3.15f1/Editor/Data/PlaybackEngines/WindowsStandaloneSupport/UnityEditor.WindowsStandalone.Extensions.dll
Registered in 0.008578 seconds.
Native extension for WindowsStandalone target not found
[usbmuxd] Start listen thread
[usbmuxd] Listen thread started
Native extension for iOS target not found
Native extension for Android target not found
Refreshing native plugins compatible for Editor in 86.43 ms, found 7 plugins.
Preloading 0 native plugins for Editor in 0.00 ms.
Mono: successfully reloaded assembly
- Completed reload, in  0.694 seconds
Domain Reload Profiling:
	ReloadAssembly (694ms)
		BeginReloadAssembly (77ms)
			ExecutionOrderSort (0ms)
			DisableScriptedObjects (0ms)
			BackupInstance (0ms)
			ReleaseScriptingObjects (0ms)
			CreateAndSetChildDomain (1ms)
		EndReloadAssembly (497ms)
			LoadAssemblies (75ms)
			RebuildTransferFunctionScriptingTraits (0ms)
			SetupTypeCache (111ms)
			ReleaseScriptCaches (0ms)
			RebuildScriptCaches (30ms)
			SetupLoadedEditorAssemblies (300ms)
				LogAssemblyErrors (0ms)
				InitializePlatformSupportModulesInManaged (64ms)
				SetLoadedEditorAssemblies (0ms)
				RefreshPlugins (87ms)
				BeforeProcessingInitializeOnLoad (2ms)
				ProcessInitializeOnLoadAttributes (101ms)
				ProcessInitializeOnLoadMethodAttributes (46ms)
				AfterProcessingInitializeOnLoad (0ms)
				EditorAssembliesLoaded (0ms)
			ExecutionOrderSort2 (0ms)
			AwakeInstancesAfterBackupRestoration (0ms)
Platform modules already initialized, skipping
Registering precompiled user dll's ...
Registered in 0.012935 seconds.
Begin MonoManager ReloadAssembly
Symbol file LoadedFromMemory doesn't match image D:\Unity Projects Works\MathGame\Library\PackageCache\com.unity.visualscripting@1.7.8\Editor\VisualScripting.Core\Dependencies\DotNetZip\Unity.VisualScripting.IonicZip.dll
Symbol file LoadedFromMemory doesn't match image D:\Unity Projects Works\MathGame\Library\PackageCache\com.unity.visualscripting@1.7.8\Editor\VisualScripting.Core\Dependencies\YamlDotNet\Unity.VisualScripting.YamlDotNet.dll
Native extension for WindowsStandalone target not found
Native extension for iOS target not found
Native extension for Android target not found
Refreshing native plugins compatible for Editor in 1.15 ms, found 7 plugins.
Preloading 0 native plugins for Editor in 0.00 ms.
Mono: successfully reloaded assembly
- Completed reload, in  1.267 seconds
Domain Reload Profiling:
	ReloadAssembly (1268ms)
		BeginReloadAssembly (222ms)
			ExecutionOrderSort (0ms)
			DisableScriptedObjects (7ms)
			BackupInstance (0ms)
			ReleaseScriptingObjects (0ms)
			CreateAndSetChildDomain (122ms)
		EndReloadAssembly (927ms)
			LoadAssemblies (99ms)
			RebuildTransferFunctionScriptingTraits (0ms)
			SetupTypeCache (273ms)
			ReleaseScriptCaches (1ms)
			RebuildScriptCaches (64ms)
			SetupLoadedEditorAssemblies (452ms)
				LogAssemblyErrors (0ms)
				InitializePlatformSupportModulesInManaged (24ms)
				SetLoadedEditorAssemblies (0ms)
				RefreshPlugins (1ms)
				BeforeProcessingInitializeOnLoad (89ms)
				ProcessInitializeOnLoadAttributes (281ms)
				ProcessInitializeOnLoadMethodAttributes (48ms)
				AfterProcessingInitializeOnLoad (8ms)
				EditorAssembliesLoaded (0ms)
			ExecutionOrderSort2 (0ms)
			AwakeInstancesAfterBackupRestoration (6ms)
Platform modules already initialized, skipping
========================================================================
Worker process is ready to serve import requests
Launched and connected shader compiler UnityShaderCompiler.exe after 0.03 seconds
Refreshing native plugins compatible for Editor in 1.06 ms, found 7 plugins.
Preloading 0 native plugins for Editor in 0.00 ms.
Unloading 3663 Unused Serialized files (Serialized files now loaded: 0)
Unloading 149 unused Assets / (59.8 KB). Loaded Objects now: 4017.
Memory consumption went from 127.7 MB to 127.6 MB.
Total: 5.099500 ms (FindLiveObjects: 0.294300 ms CreateObjectMapping: 0.277100 ms MarkObjects: 4.420300 ms  DeleteObjects: 0.106700 ms)

AssetImportParameters requested are different than current active one (requested -> active):
  custom:video-decoder-ogg-theora: a1e56fd34408186e4bbccfd4996cb3dc -> 
  custom:container-muxer-webm: aa71ff27fc2769a1b78a27578f13a17b -> 
  custom:container-demuxer-webm: 4f35f7cbe854078d1ac9338744f61a02 -> 
  custom:video-encoder-webm-vp8: eb34c28f22e8b96e1ab97ce403110664 -> 
  custom:audio-encoder-webm-vorbis: bf7c407c2cedff20999df2af8eb42d56 -> 
  custom:framework-win-MediaFoundation: 216162199b28c13a410421893ffa2e32 -> 
  custom:container-demuxer-ogg: 62fdf1f143b41e24485cea50d1cbac27 -> 
  custom:video-decoder-webm-vp8: 9c59270c3fd7afecdb556c50c9e8de78 -> 
  custom:audio-decoder-ogg-vorbis: bf7c407c2cedff20999df2af8eb42d56 -> 
========================================================================
Received Import Request.
  Time since last request: 146452.456028 seconds.
  path: Assets/Images/Podium@4x.png
  artifactKey: Guid(d67d06a0671255c40a5bbcfa241bf583) Importer(815301076,1909f56bfc062723c751e8b465ee728b)
Start importing Assets/Images/Podium@4x.png using Guid(d67d06a0671255c40a5bbcfa241bf583) Importer(815301076,1909f56bfc062723c751e8b465ee728b)  -> (artifact id: 'c0ecc53c89fa60cad633cbaa4dfb7154') in 0.148725 seconds 
========================================================================
Received Import Request.
  Time since last request: 0.000022 seconds.
  path: Assets/Images/ArrowNext@4x.png
  artifactKey: Guid(e3c4daf6d2a17a74f8c69b2b84e1187a) Importer(815301076,1909f56bfc062723c751e8b465ee728b)
Start importing Assets/Images/ArrowNext@4x.png using Guid(e3c4daf6d2a17a74f8c69b2b84e1187a) Importer(815301076,1909f56bfc062723c751e8b465ee728b)  -> (artifact id: '4a0cf78117e22eb62d46f91dad80cf6a') in 0.023412 seconds 
========================================================================
Received Import Request.
  Time since last request: 0.000031 seconds.
  path: Assets/Images/Kinte/Group 15 copy 3.png
  artifactKey: Guid(df2914cea4c388447a7f8f9f9847a79e) Importer(815301076,1909f56bfc062723c751e8b465ee728b)
Start importing Assets/Images/Kinte/Group 15 copy 3.png using Guid(df2914cea4c388447a7f8f9f9847a79e) Importer(815301076,1909f56bfc062723c751e8b465ee728b)  -> (artifact id: '1214f68b8168c338380ef906de14564f') in 0.024807 seconds 
========================================================================
Received Import Request.
  Time since last request: 0.000017 seconds.
  path: Assets/Images/Panel.png
  artifactKey: Guid(909f328c7731fce45b924247bb4d89bc) Importer(815301076,1909f56bfc062723c751e8b465ee728b)
Start importing Assets/Images/Panel.png using Guid(909f328c7731fce45b924247bb4d89bc) Importer(815301076,1909f56bfc062723c751e8b465ee728b)  -> (artifact id: '72e7245b977a0a732c9ea00ccd667a24') in 0.032365 seconds 
========================================================================
Received Import Request.
  Time since last request: 0.000017 seconds.
  path: Assets/Images/Kinte/Asset 82x.png
  artifactKey: Guid(13abaf02d4f645a48b06c74e5d3b0573) Importer(815301076,1909f56bfc062723c751e8b465ee728b)
Start importing Assets/Images/Kinte/Asset 82x.png using Guid(13abaf02d4f645a48b06c74e5d3b0573) Importer(815301076,1909f56bfc062723c751e8b465ee728b)  -> (artifact id: 'cb2eddc0d96a787182d702ffc8618096') in 0.066769 seconds 
========================================================================
Received Import Request.
  Time since last request: 0.000020 seconds.
  path: Assets/Images/Kinte/Asset 32x.png
  artifactKey: Guid(723a1dffc762bf04980a7e2bb2e2f4ac) Importer(815301076,1909f56bfc062723c751e8b465ee728b)
Start importing Assets/Images/Kinte/Asset 32x.png using Guid(723a1dffc762bf04980a7e2bb2e2f4ac) Importer(815301076,1909f56bfc062723c751e8b465ee728b)  -> (artifact id: '4c653caf5ebb4de4c9caf025bf103a12') in 0.047341 seconds 
========================================================================
Received Import Request.
  Time since last request: 0.000036 seconds.
  path: Assets/Images/Kinte/Asset 62x (1).png
  artifactKey: Guid(dc14689d54530ac49b6637c36801e403) Importer(815301076,1909f56bfc062723c751e8b465ee728b)
Start importing Assets/Images/Kinte/Asset 62x (1).png using Guid(dc14689d54530ac49b6637c36801e403) Importer(815301076,1909f56bfc062723c751e8b465ee728b)  -> (artifact id: 'e28d5bdbfb5b29fb4f1e45647615f500') in 0.163416 seconds 
========================================================================
Received Import Request.
  Time since last request: 0.000025 seconds.
  path: Assets/Images/Kinte/Asset 52x (1).png
  artifactKey: Guid(79031e83d3c7bd549a57316fb9237d79) Importer(815301076,1909f56bfc062723c751e8b465ee728b)
Start importing Assets/Images/Kinte/Asset 52x (1).png using Guid(79031e83d3c7bd549a57316fb9237d79) Importer(815301076,1909f56bfc062723c751e8b465ee728b)  -> (artifact id: '2e4d63a7821ad050d85fa3d8365e244e') in 0.017780 seconds 
========================================================================
Received Import Request.
  Time since last request: 0.000016 seconds.
  path: Assets/Images/Cup@4x.png
  artifactKey: Guid(297a44943c41c094d8aa3fff27623d82) Importer(815301076,1909f56bfc062723c751e8b465ee728b)
Start importing Assets/Images/Cup@4x.png using Guid(297a44943c41c094d8aa3fff27623d82) Importer(815301076,1909f56bfc062723c751e8b465ee728b)  -> (artifact id: 'f9f670cb168f7caf281b889cecd56b23') in 0.009770 seconds 
========================================================================
Received Import Request.
  Time since last request: 0.000017 seconds.
  path: Assets/Images/Joy@4x.png
  artifactKey: Guid(50b1d1bf7def5424cb49eeea301da59b) Importer(815301076,1909f56bfc062723c751e8b465ee728b)
Start importing Assets/Images/Joy@4x.png using Guid(50b1d1bf7def5424cb49eeea301da59b) Importer(815301076,1909f56bfc062723c751e8b465ee728b)  -> (artifact id: '3f60fc818c4b397e6007b665791a01d2') in 0.014254 seconds 
========================================================================
Received Import Request.
  Time since last request: 0.000019 seconds.
  path: Assets/Images/Kinte/Scoreboard.png
  artifactKey: Guid(27aa3ec3d0564c943ba006341840f687) Importer(815301076,1909f56bfc062723c751e8b465ee728b)
Start importing Assets/Images/Kinte/Scoreboard.png using Guid(27aa3ec3d0564c943ba006341840f687) Importer(815301076,1909f56bfc062723c751e8b465ee728b)  -> (artifact id: '4e04614b726e0e7537aba52577dad556') in 0.027839 seconds 
========================================================================
Received Import Request.
  Time since last request: 0.000023 seconds.
  path: Assets/Images/Kinte/vz copy.png
  artifactKey: Guid(b242a98c7bf379348a1c857a48555bf8) Importer(815301076,1909f56bfc062723c751e8b465ee728b)
Start importing Assets/Images/Kinte/vz copy.png using Guid(b242a98c7bf379348a1c857a48555bf8) Importer(815301076,1909f56bfc062723c751e8b465ee728b)  -> (artifact id: 'e185bdd589bb08b1a254d5aec487d903') in 0.074583 seconds 
========================================================================
Received Import Request.
  Time since last request: 0.000017 seconds.
  path: Assets/Images/Sans titre 24.png
  artifactKey: Guid(68b3d7e8da2e24c819de4509afb20502) Importer(815301076,1909f56bfc062723c751e8b465ee728b)
Start importing Assets/Images/Sans titre 24.png using Guid(68b3d7e8da2e24c819de4509afb20502) Importer(815301076,1909f56bfc062723c751e8b465ee728b)  -> (artifact id: '13df7c71d2a5797e8052123b6f4679f5') in 0.011464 seconds 
========================================================================
Received Import Request.
  Time since last request: 0.000024 seconds.
  path: Assets/Images/Kinte
  artifactKey: Guid(eb026e983fee4574894a2dfbb3f7a202) Importer(815301076,1909f56bfc062723c751e8b465ee728b)
Start importing Assets/Images/Kinte using Guid(eb026e983fee4574894a2dfbb3f7a202) Importer(815301076,1909f56bfc062723c751e8b465ee728b)  -> (artifact id: '2b5a2abc03cad8ff6930b451e4131023') in 0.000991 seconds 
========================================================================
Received Import Request.
  Time since last request: 0.000023 seconds.
  path: Assets/Images/shareIcon.png
  artifactKey: Guid(3f2862e74f7ae49edbc945dd17c3c8fb) Importer(815301076,1909f56bfc062723c751e8b465ee728b)
Start importing Assets/Images/shareIcon.png using Guid(3f2862e74f7ae49edbc945dd17c3c8fb) Importer(815301076,1909f56bfc062723c751e8b465ee728b)  -> (artifact id: '00bc14b93209a6a0a79e71781668b4b5') in 0.011382 seconds 
